<?xml version="1.0" encoding="UTF-8"?>
<!-- Generated by org.testng.reporters.JUnitReportReporter -->
<testsuite skipped="0" hostname="MX-IT00714" name="com.globantu.automation.jose_colin.TestTravelocity" tests="1" failures="0" timestamp="16 nov 2017 22:46:31 GMT" time="53.472" errors="0">
  <testcase name="testMenu" time="53.472" classname="com.globantu.automation.jose_colin.TestTravelocity"/>
</testsuite> <!-- com.globantu.automation.jose_colin.TestTravelocity -->
