<?xml version="1.0" encoding="UTF-8"?>
<!-- Generated by org.testng.reporters.JUnitReportReporter -->
<testsuite skipped="0" hostname="Alberto-PC" name="com.globantu.automation.jose_colin.TestTravelocity" tests="1" failures="0" timestamp="19 nov 2017 05:51:48 GMT" time="64.857" errors="0">
  <testcase name="testMenu" time="64.857" classname="com.globantu.automation.jose_colin.TestTravelocity"/>
</testsuite> <!-- com.globantu.automation.jose_colin.TestTravelocity -->
